Start testing: Jul 21 14:02 CST
----------------------------------------------------------
1/3 Testing: smplx_reader_protocol_test
1/3 Test: smplx_reader_protocol_test
Command: "/home/weili/GMR-CPP_e1jump_lowdpi/build/smplx_reader_protocol_test"
Directory: /home/weili/GMR-CPP_e1jump_lowdpi/build
"smplx_reader_protocol_test" start time: Jul 21 14:02 CST
Output:
----------------------------------------------------------
SMP1 parser self-test passed
<end of output>
Test time =   0.00 sec
----------------------------------------------------------
Test Passed.
"smplx_reader_protocol_test" end time: Jul 21 14:02 CST
"smplx_reader_protocol_test" time elapsed: 00:00:00
----------------------------------------------------------

2/3 Testing: smplx_bumi3_config_test
2/3 Test: smplx_bumi3_config_test
Command: "/home/weili/GMR-CPP_e1jump_lowdpi/build/smplx_bumi3_config_test"
Directory: /home/weili/GMR-CPP_e1jump_lowdpi/build
"smplx_bumi3_config_test" start time: Jul 21 14:02 CST
Output:
----------------------------------------------------------
[BUMI3 config] valid fixed runtime config, targets=12, XML=/home/weili/GMR-CPP_e1jump_lowdpi/assets/bumi3/mjcf/bumi3.xml
[BUMI3 Redis] qpos->GMT reorder verified: 9,15,0,10,16,1,5,11,17,2,6,12,18,3,7,13,19,4,8,14,20 key=gmt_online_frame_bumi
[BUMI3 jump] scale/mapping/position-offset/rotation-offset preserved
[BUMI3 jump] vertical translation preserved: base_delta_z=0.288992 standing_lowest_foot_z=-0.0991525 standing_robot_ankle_z=-0.082989 lowest_foot_target_delta_z=0.289034
[fixed-pose] stand
  qpos= 0.00575095    0.104006     1.02437     0.47402   -0.401837   -0.669404   -0.407101    -1.46594    -1.25251    0.390847    -1.45973           0       -3.14     0.41737   -0.750737    -1.50651     1.57486   -0.257151   -0.344565           0       -0.96   0.0354421     1.42561  -0.0405439  -0.0991456 5.74761e-19       -0.96       -0.17
  joint_limit_hits=7 target_position_error_mean=0.307744 target_rotation_error_mean=0.828001
  body_z(base/left_foot/right_foot)=1.02437/0.578966/0.567961
[fixed-pose] T-pose
  qpos= 0.00646619    0.102216     1.02355    0.480465   -0.408548   -0.645613    -0.43061    -1.50517    -1.32136    0.338713    -1.43153 -1.8567e-18       -3.14    0.580423   -0.613373    -1.58255     1.53416   -0.248916   -0.306378           0       -0.96   0.0494509     1.37552  -0.0220705  -0.0494556           0       -0.96       -0.17
  joint_limit_hits=7 target_position_error_mean=0.336999 target_rotation_error_mean=0.822809
  body_z(base/left_foot/right_foot)=1.02355/0.578627/0.569632
[fixed-pose] arms-down
  qpos= 0.00575095    0.104006     1.02437     0.47402   -0.401837   -0.669404   -0.407101    -1.46594    -1.25251    0.390847    -1.45973           0       -3.14     0.41737   -0.750737    -1.50651     1.57486   -0.257151   -0.344565           0       -0.96   0.0354421     1.42561  -0.0405439  -0.0991456 5.74761e-19       -0.96       -0.17
  joint_limit_hits=7 target_position_error_mean=0.307744 target_rotation_error_mean=0.828001
  body_z(base/left_foot/right_foot)=1.02437/0.578966/0.567961
[fixed-pose] left-arm-raise
  qpos= 0.00619069    0.102787     1.02396    0.478222   -0.405868   -0.654836   -0.421621    -1.49019    -1.29114    0.345624    -1.44233           0       -3.14    0.516048   -0.666918    -1.55517     1.54979   -0.252229   -0.321438 4.33817e-18       -0.96   0.0441291     1.39472  -0.0294483  -0.0687298           0       -0.96       -0.17
  joint_limit_hits=7 target_position_error_mean=0.333981 target_rotation_error_mean=0.827458
  body_z(base/left_foot/right_foot)=1.02396/0.578848/0.569006
[fixed-pose] right-arm-raise
  qpos=  0.00604703     0.102918      1.02415     0.478639    -0.402656    -0.659758    -0.416525       -1.478     -1.27075     0.374743     -1.44295 -8.87691e-19        -3.14     0.470165    -0.707988     -1.53034      1.55536    -0.254175    -0.332459  2.69703e-18        -0.96    0.0406103      1.40282   -0.0342015   -0.0823773  3.64365e-18        -0.96        -0.17
  joint_limit_hits=7 target_position_error_mean=0.323603 target_rotation_error_mean=0.827096
  body_z(base/left_foot/right_foot)=1.02415/0.579053/0.56862
[fixed-pose] squat
  qpos= 0.000698741     0.125785     0.772308     0.513213    -0.384548    -0.578363    -0.504214     -1.55616     -1.39373     0.316222     -1.24838 -5.14996e-19        -3.14     0.925711    -0.420675     -1.67534       1.2655    -0.263683    -0.186302            0        -0.96    0.0511711      1.07062    0.0181633    0.0767932  1.13956e-18        -0.96        -0.17
  joint_limit_hits=7 target_position_error_mean=0.281493 target_rotation_error_mean=0.769587
  body_z(base/left_foot/right_foot)=0.772308/0.344217/0.3468
[fixed-pose] single-leg-raise
  qpos= 0.000268251     0.114951      1.07168     0.526334    -0.236654    -0.598683     -0.55547        -1.57     -1.17767     0.435015     -1.01782 -2.71051e-19     -1.13068         1.04         1.57        -2.26     0.994363    -0.140093    0.0991105            0        -0.96        -0.17     0.997618     -0.31618    0.0323057  2.30988e-18        -0.96        -0.17
  joint_limit_hits=11 target_position_error_mean=0.254534 target_rotation_error_mean=0.842537
  body_z(base/left_foot/right_foot)=1.07168/0.706954/0.608273
smplx_bumi3_config_test: PASS
<end of output>
Test time =   3.30 sec
----------------------------------------------------------
Test Passed.
"smplx_bumi3_config_test" end time: Jul 21 14:02 CST
"smplx_bumi3_config_test" time elapsed: 00:00:03
----------------------------------------------------------

3/3 Testing: ground_clearance_test
3/3 Test: ground_clearance_test
Command: "/home/weili/GMR-CPP_e1jump_lowdpi/build/ground_clearance_test"
Directory: /home/weili/GMR-CPP_e1jump_lowdpi/build
"ground_clearance_test" start time: Jul 21 14:02 CST
Output:
----------------------------------------------------------
ground_clearance_test: PASS default=0.06 bumi3=0.02 fixed_offset=0.41
<end of output>
Test time =   0.47 sec
----------------------------------------------------------
Test Passed.
"ground_clearance_test" end time: Jul 21 14:02 CST
"ground_clearance_test" time elapsed: 00:00:00
----------------------------------------------------------

End testing: Jul 21 14:02 CST
